#
# There is insufficient memory for the Java Runtime Environment to continue.
# Native memory allocation (mmap) failed to map 536870912 bytes for G1 virtual space
# Possible reasons:
#   The system is out of physical RAM or swap space
#   The process is running with CompressedOops enabled, and the Java Heap may be blocking the growth of the native heap
# Possible solutions:
#   Reduce memory load on the system
#   Increase physical memory or swap space
#   Check if swap backing store is full
#   Decrease Java heap size (-Xmx/-Xms)
#   Decrease number of Java threads
#   Decrease Java thread stack sizes (-Xss)
#   Set larger code cache with -XX:ReservedCodeCacheSize=
#   JVM is running with Zero Based Compressed Oops mode in which the Java heap is
#     placed in the first 32GB address space. The Java Heap base address is the
#     maximum limit for the native heap growth. Please use -XX:HeapBaseMinAddress
#     to set the Java Heap base and to place the Java Heap above 32GB virtual address.
# This output file may be truncated or incomplete.
#
#  Out of Memory Error (os_windows.cpp:3548), pid=47940, tid=67052
#
# JRE version:  (17.0.5+8) (build )
# Java VM: OpenJDK 64-Bit Server VM (17.0.5+8, mixed mode, sharing, tiered, compressed oops, compressed class ptrs, g1 gc, windows-amd64)
# No core dump will be written. Minidumps are not enabled by default on client versions of Windows
#

---------------  S U M M A R Y ------------

Command Line: -Dfile.encoding=ISO-8859-1 -XX:+ShowCodeDetailsInExceptionMessages Interfaz.InterfazController

Host: 11th Gen Intel(R) Core(TM) i7-11800H @ 2.30GHz, 16 cores, 31G,  Windows 11 , 64 bit Build 22000 (10.0.22000.1335)
Time: Wed Apr 19 21:24:43 2023 Hora est. Pacífico, Sudamérica elapsed time: 0.007510 seconds (0d 0h 0m 0s)

---------------  T H R E A D  ---------------

Current thread (0x000002b66e29afe0):  JavaThread "Unknown thread" [_thread_in_vm, id=67052, stack(0x000000be76e00000,0x000000be76f00000)]

Stack: [0x000000be76e00000,0x000000be76f00000]
Native frames: (J=compiled Java code, j=interpreted, Vv=VM code, C=native code)
V  [jvm.dll+0x676b3a]
V  [jvm.dll+0x831444]
V  [jvm.dll+0x832bee]
V  [jvm.dll+0x833253]
V  [jvm.dll+0x244ce5]
V  [jvm.dll+0x673a49]
V  [jvm.dll+0x66811a]
V  [jvm.dll+0x303ceb]
V  [jvm.dll+0x30b1e6]
V  [jvm.dll+0x35adbe]
V  [jvm.dll+0x35afef]
V  [jvm.dll+0x2dab88]
V  [jvm.dll+0x2dbaf4]
V  [jvm.dll+0x803121]
V  [jvm.dll+0x368bb1]
V  [jvm.dll+0x7e265c]
V  [jvm.dll+0x3eb17f]
V  [jvm.dll+0x3eccc1]
C  [jli.dll+0x5267]
C  [ucrtbase.dll+0x26c0c]
C  [KERNEL32.DLL+0x155a0]
C  [ntdll.dll+0x485b]


---------------  P R O C E S S  ---------------

Threads class SMR info:
_java_thread_list=0x00007ffe00b42f18, length=0, elements={
}

Java Threads: ( => current thread )

Other Threads:
  0x000002b66e348dd0 GCTaskThread "GC Thread#0" [stack: 0x000000be76f00000,0x000000be77000000] [id=17944]
  0x000002b66e35a460 ConcurrentGCThread "G1 Main Marker" [stack: 0x000000be77000000,0x000000be77100000] [id=38036]
  0x000002b66e35be80 ConcurrentGCThread "G1 Conc#0" [stack: 0x000000be77100000,0x000000be77200000] [id=38876]

[error occurred during error reporting (printing all threads), id 0xc0000005, EXCEPTION_ACCESS_VIOLATION (0xc0000005) at pc=0x00007ffe0031b617]

VM state: not at safepoint (not fully initialized)

VM Mutex/Monitor currently owned by a thread:  ([mutex/lock_event])
[0x000002b66e296570] Heap_lock - owner thread: 0x000002b66e29afe0

Heap address: 0x0000000603400000, size: 8140 MB, Compressed Oops mode: Zero based, Oop shift amount: 3

CDS archive(s) mapped at: [0x0000000000000000-0x0000000000000000-0x0000000000000000), size 0, SharedBaseAddress: 0x0000000800000000, ArchiveRelocationMode: 0.
Narrow klass base: 0x0000000000000000, Narrow klass shift: 0, Narrow klass range: 0x0

GC Precious Log:
<Empty>

Heap:
 garbage-first heap   total 0K, used 0K [0x0000000603400000, 0x0000000800000000)
  region size 4096K, 0 young (0K), 0 survivors (0K)

[error occurred during error reporting (printing heap information), id 0xc0000005, EXCEPTION_ACCESS_VIOLATION (0xc0000005) at pc=0x00007ffe006ffcb9]

GC Heap History (0 events):
No events

Dll operation events (1 events):
Event: 0.005 Loaded shared library C:\Users\juanp\.p2\pool\plugins\org.eclipse.justj.openjdk.hotspot.jre.full.win32.x86_64_17.0.5.v20221102-0933\jre\bin\java.dll

Deoptimization events (0 events):
No events

Classes unloaded (0 events):
No events

Classes redefined (0 events):
No events

Internal exceptions (0 events):
No events

VM Operations (0 events):
No events

Events (0 events):
No events


Dynamic libraries:
0x00007ff698170000 - 0x00007ff69817e000 	C:\Users\juanp\.p2\pool\plugins\org.eclipse.justj.openjdk.hotspot.jre.full.win32.x86_64_17.0.5.v20221102-0933\jre\bin\javaw.exe
0x00007ffebeae0000 - 0x00007ffebece9000 	C:\WINDOWS\SYSTEM32\ntdll.dll
0x00007ffebd960000 - 0x00007ffebda1e000 	C:\WINDOWS\System32\KERNEL32.DLL
0x00007ffebc180000 - 0x00007ffebc4fb000 	C:\WINDOWS\System32\KERNELBASE.dll
0x00007ffebc840000 - 0x00007ffebc951000 	C:\WINDOWS\System32\ucrtbase.dll
0x00007ffe912e0000 - 0x00007ffe912f7000 	C:\Users\juanp\.p2\pool\plugins\org.eclipse.justj.openjdk.hotspot.jre.full.win32.x86_64_17.0.5.v20221102-0933\jre\bin\jli.dll
0x00007ffe89c50000 - 0x00007ffe89c69000 	C:\Users\juanp\.p2\pool\plugins\org.eclipse.justj.openjdk.hotspot.jre.full.win32.x86_64_17.0.5.v20221102-0933\jre\bin\VCRUNTIME140.dll
0x00007ffebccc0000 - 0x00007ffebce6d000 	C:\WINDOWS\System32\USER32.dll
0x00007ffebc500000 - 0x00007ffebc526000 	C:\WINDOWS\System32\win32u.dll
0x00007ffebcc90000 - 0x00007ffebccb9000 	C:\WINDOWS\System32\GDI32.dll
0x00007ffe9e150000 - 0x00007ffe9e3f5000 	C:\WINDOWS\WinSxS\amd64_microsoft.windows.common-controls_6595b64144ccf1df_6.0.22000.120_none_9d947278b86cc467\COMCTL32.dll
0x00007ffebc720000 - 0x00007ffebc838000 	C:\WINDOWS\System32\gdi32full.dll
0x00007ffebd470000 - 0x00007ffebd513000 	C:\WINDOWS\System32\msvcrt.dll
0x00007ffebc020000 - 0x00007ffebc0bd000 	C:\WINDOWS\System32\msvcp_win.dll
0x00007ffebcbe0000 - 0x00007ffebcc12000 	C:\WINDOWS\System32\IMM32.DLL
0x00007ffe9ba20000 - 0x00007ffe9ba2c000 	C:\Users\juanp\.p2\pool\plugins\org.eclipse.justj.openjdk.hotspot.jre.full.win32.x86_64_17.0.5.v20221102-0933\jre\bin\vcruntime140_1.dll
0x00007ffe73b70000 - 0x00007ffe73c01000 	C:\Users\juanp\.p2\pool\plugins\org.eclipse.justj.openjdk.hotspot.jre.full.win32.x86_64_17.0.5.v20221102-0933\jre\bin\msvcp140.dll
0x00007ffe00030000 - 0x00007ffe00c74000 	C:\Users\juanp\.p2\pool\plugins\org.eclipse.justj.openjdk.hotspot.jre.full.win32.x86_64_17.0.5.v20221102-0933\jre\bin\server\jvm.dll
0x00007ffebcad0000 - 0x00007ffebcb7e000 	C:\WINDOWS\System32\ADVAPI32.dll
0x00007ffebd8c0000 - 0x00007ffebd95e000 	C:\WINDOWS\System32\sechost.dll
0x00007ffebe3f0000 - 0x00007ffebe510000 	C:\WINDOWS\System32\RPCRT4.dll
0x00007ffeb2280000 - 0x00007ffeb228a000 	C:\WINDOWS\SYSTEM32\VERSION.dll
0x00007ffe9f0a0000 - 0x00007ffe9f0a9000 	C:\WINDOWS\SYSTEM32\WSOCK32.dll
0x00007ffeb6040000 - 0x00007ffeb6073000 	C:\WINDOWS\SYSTEM32\WINMM.dll
0x00007ffebcc20000 - 0x00007ffebcc8f000 	C:\WINDOWS\System32\WS2_32.dll
0x00007ffebb120000 - 0x00007ffebb138000 	C:\WINDOWS\SYSTEM32\kernel.appcore.dll
0x00007ffea8a00000 - 0x00007ffea8a0a000 	C:\Users\juanp\.p2\pool\plugins\org.eclipse.justj.openjdk.hotspot.jre.full.win32.x86_64_17.0.5.v20221102-0933\jre\bin\jimage.dll
0x00007ffeb9b70000 - 0x00007ffeb9d91000 	C:\WINDOWS\SYSTEM32\DBGHELP.DLL
0x00007ffe9bf80000 - 0x00007ffe9bfb1000 	C:\WINDOWS\SYSTEM32\dbgcore.DLL
0x00007ffebc6a0000 - 0x00007ffebc71f000 	C:\WINDOWS\System32\bcryptPrimitives.dll
0x00007ffea1110000 - 0x00007ffea1135000 	C:\Users\juanp\.p2\pool\plugins\org.eclipse.justj.openjdk.hotspot.jre.full.win32.x86_64_17.0.5.v20221102-0933\jre\bin\java.dll

dbghelp: loaded successfully - version: 4.0.5 - missing functions: none
symbol engine: initialized successfully - sym options: 0x614 - pdb path: .;C:\Users\juanp\.p2\pool\plugins\org.eclipse.justj.openjdk.hotspot.jre.full.win32.x86_64_17.0.5.v20221102-0933\jre\bin;C:\WINDOWS\SYSTEM32;C:\WINDOWS\WinSxS\amd64_microsoft.windows.common-controls_6595b64144ccf1df_6.0.22000.120_none_9d947278b86cc467;C:\Users\juanp\.p2\pool\plugins\org.eclipse.justj.openjdk.hotspot.jre.full.win32.x86_64_17.0.5.v20221102-0933\jre\bin\server

VM Arguments:
jvm_args: -Dfile.encoding=ISO-8859-1 -XX:+ShowCodeDetailsInExceptionMessages 
java_command: Interfaz.InterfazController
java_class_path (initial): C:\Users\juanp\OneDrive\Documentos\Taller 4 DPOO\Taller4_LightsOut_esqueletoV1\Taller4_LightsOut_esqueleto\bin;C:\Users\juanp\OneDrive\Documentos\Taller 4 DPOO\Taller4_LightsOut_esqueletoV1\Taller4_LightsOut_esqueleto\lib\flatlaf-1.0.jar
Launcher Type: SUN_STANDARD

[Global flags]
     intx CICompilerCount                          = 12                                        {product} {ergonomic}
     uint ConcGCThreads                            = 3                                         {product} {ergonomic}
     uint G1ConcRefinementThreads                  = 13                                        {product} {ergonomic}
   size_t G1HeapRegionSize                         = 4194304                                   {product} {ergonomic}
    uintx GCDrainStackTargetSize                   = 64                                        {product} {ergonomic}
   size_t InitialHeapSize                          = 536870912                                 {product} {ergonomic}
   size_t MarkStackSize                            = 4194304                                   {product} {ergonomic}
   size_t MaxHeapSize                              = 8535408640                                {product} {ergonomic}
   size_t MinHeapDeltaBytes                        = 4194304                                   {product} {ergonomic}
   size_t MinHeapSize                              = 8388608                                   {product} {ergonomic}
    uintx NonNMethodCodeHeapSize                   = 7602480                                {pd product} {ergonomic}
    uintx NonProfiledCodeHeapSize                  = 122027880                              {pd product} {ergonomic}
    uintx ProfiledCodeHeapSize                     = 122027880                              {pd product} {ergonomic}
    uintx ReservedCodeCacheSize                    = 251658240                              {pd product} {ergonomic}
     bool SegmentedCodeCache                       = true                                      {product} {ergonomic}
     bool ShowCodeDetailsInExceptionMessages       = true                                   {manageable} {command line}
   size_t SoftMaxHeapSize                          = 8535408640                             {manageable} {ergonomic}
     bool UseCompressedClassPointers               = true                           {product lp64_product} {ergonomic}
     bool UseCompressedOops                        = true                           {product lp64_product} {ergonomic}
     bool UseG1GC                                  = true                                      {product} {ergonomic}
     bool UseLargePagesIndividualAllocation        = false                                  {pd product} {ergonomic}

Logging:
Log output configuration:
 #0: stdout all=warning uptime,level,tags
 #1: stderr all=off uptime,level,tags

Environment Variables:
JAVA_HOME=C:\Users\juanp\OneDrive\Escritorio\openjdk-19.0.2_windows-x64_bin (1)\jdk-19.0.2
PATH=C:/Users/juanp/.p2/pool/plugins/org.eclipse.justj.openjdk.hotspot.jre.full.win32.x86_64_17.0.5.v20221102-0933/jre/bin/server;C:/Users/juanp/.p2/pool/plugins/org.eclipse.justj.openjdk.hotspot.jre.full.win32.x86_64_17.0.5.v20221102-0933/jre/bin;C:\Program Files (x86)\Common Files\Oracle\Java\javapath;C:\Windows\system32;C:\Windows;C:\Windows\System32\Wbem;C:\Windows\System32\WindowsPowerShell\v1.0\;C:\Windows\System32\OpenSSH\;C:\Program Files (x86)\NVIDIA Corporation\PhysX\Common;C:\Program Files\NVIDIA Corporation\NVIDIA NvDLISR;C:\WINDOWS\system32;C:\WINDOWS;C:\WINDOWS\System32\Wbem;C:\WINDOWS\System32\WindowsPowerShell\v1.0\;C:\WINDOWS\System32\OpenSSH\;C:\Users\juanp\OneDrive\Escritorio\openjdk-19.0.2_windows-x64_bin (1)\jdk-19.0.2\bin;C:\Program Files\Git\cmd;C:\Users\juanp\AppData\Local\Programs\Python\Python311;C:\Users\juanp\AppData\Local\Programs\Python\Python311\Scripts;C:\Users\juanp\AppData\Local\Microsoft\WindowsApps;C:\Users\juanp\AppData\Local\Programs\Microsoft VS Code\bin;;C:\WINDOWS\System32;
USERNAME=JUAN PABLO
OS=Windows_NT
PROCESSOR_IDENTIFIER=Intel64 Family 6 Model 141 Stepping 1, GenuineIntel
TMP=C:\Users\juanp\AppData\Local\Temp
TEMP=C:\Users\juanp\AppData\Local\Temp



---------------  S Y S T E M  ---------------

OS:
 Windows 11 , 64 bit Build 22000 (10.0.22000.1335)
OS uptime: 48 days 9:06 hours

CPU: total 16 (initial active 16) (8 cores per cpu, 2 threads per core) family 6 model 141 stepping 1 microcode 0x32, cx8, cmov, fxsr, ht, mmx, 3dnowpref, sse, sse2, sse3, ssse3, sse4.1, sse4.2, popcnt, lzcnt, tsc, tscinvbit, avx, avx2, aes, erms, clmul, bmi1, bmi2, adx, avx512f, avx512dq, avx512cd, avx512bw, avx512vl, sha, fma, vzeroupper, avx512_vpopcntdq, avx512_vpclmulqdq, avx512_vaes, avx512_vnni, clflush, clflushopt, clwb, avx512_vbmi2, avx512_vbmi

Memory: 4k page, system-wide physical 32551M (12374M free)
TotalPageFile size 130855M (AvailPageFile size 19M)
current process WorkingSet (physical memory assigned to process): 11M, peak: 11M
current process commit charge ("private bytes"): 70M, peak: 582M

vm_info: OpenJDK 64-Bit Server VM (17.0.5+8) for windows-amd64 JRE (17.0.5+8), built on Oct 19 2022 04:48:13 by "temurin" with MS VC++ 16.7 (VS2019)

END.
